2024-07-11 08:40:02 [INFO][com.easypan.EasypanApplication][logStarting][55]-> Starting EasypanApplication using Java 1.8.0_411 on LAPTOP-TFQ3RFOA with PID 6256 (G:\Users\fly\IdeaProjects\easypan\target\classes started by Xiro in G:\Users\fly\IdeaProjects)
2024-07-11 08:40:02 [INFO][com.easypan.EasypanApplication][logStartupProfileInfo][635]-> No active profile set, falling back to default profiles: default
2024-07-11 08:40:03 [INFO][org.springframework.data.repository.config.RepositoryConfigurationDelegate][multipleStoresDetected][262]-> Multiple Spring Data modules found, entering strict repository configuration mode!
2024-07-11 08:40:03 [INFO][org.springframework.data.repository.config.RepositoryConfigurationDelegate][registerRepositoriesIn][132]-> Bootstrapping Spring Data Redis repositories in DEFAULT mode.
2024-07-11 08:40:03 [INFO][org.springframework.data.repository.config.RepositoryConfigurationDelegate][registerRepositoriesIn][201]-> Finished Spring Data repository scanning in 9 ms. Found 0 Redis repository interfaces.
2024-07-11 08:40:03 [INFO][org.springframework.boot.web.embedded.tomcat.TomcatWebServer][initialize][108]-> Tomcat initialized with port(s): 7090 (http)
2024-07-11 08:40:03 [INFO][org.apache.coyote.http11.Http11NioProtocol][log][173]-> Initializing ProtocolHandler ["http-nio-7090"]
2024-07-11 08:40:03 [INFO][org.apache.catalina.core.StandardService][log][173]-> Starting service [Tomcat]
2024-07-11 08:40:03 [INFO][org.apache.catalina.core.StandardEngine][log][173]-> Starting Servlet engine: [Apache Tomcat/9.0.55]
2024-07-11 08:40:03 [INFO][org.apache.catalina.core.ContainerBase.[Tomcat].[localhost].[/api]][log][173]-> Initializing Spring embedded WebApplicationContext
2024-07-11 08:40:03 [INFO][org.springframework.boot.web.servlet.context.ServletWebServerApplicationContext][prepareWebApplicationContext][290]-> Root WebApplicationContext: initialization completed in 1107 ms
2024-07-11 08:40:04 [INFO][org.apache.coyote.http11.Http11NioProtocol][log][173]-> Starting ProtocolHandler ["http-nio-7090"]
2024-07-11 08:40:04 [INFO][org.springframework.boot.web.embedded.tomcat.TomcatWebServer][start][220]-> Tomcat started on port(s): 7090 (http) with context path '/api'
2024-07-11 08:40:04 [INFO][com.easypan.EasypanApplication][logStarted][61]-> Started EasypanApplication in 2.44 seconds (JVM running for 3.833)
2024-07-11 08:40:04 [INFO][com.zaxxer.hikari.HikariDataSource][getConnection][110]-> HikariCPDatasource - Starting...
2024-07-11 08:40:05 [INFO][com.zaxxer.hikari.HikariDataSource][getConnection][123]-> HikariCPDatasource - Start completed.
2024-07-11 09:13:05 [INFO][org.apache.catalina.core.ContainerBase.[Tomcat].[localhost].[/api]][log][173]-> Initializing Spring DispatcherServlet 'dispatcherServlet'
2024-07-11 09:13:05 [INFO][org.springframework.web.servlet.DispatcherServlet][initServletBean][525]-> Initializing Servlet 'dispatcherServlet'
2024-07-11 09:13:05 [INFO][org.springframework.web.servlet.DispatcherServlet][initServletBean][547]-> Completed initialization in 1 ms
2024-07-11 09:15:14 [ERROR][com.easypan.controller.AGlobalExceptionHandlerController][handleException][25]-> 请求错误，请求地址http://10.103.14.104:7090/api/login,错误信息:
com.easypan.exception.BusinessException: 账号或者密码错误
2024-07-11 09:15:15 [ERROR][com.easypan.controller.AGlobalExceptionHandlerController][handleException][25]-> 请求错误，请求地址http://10.103.14.104:7090/api/login,错误信息:
com.easypan.exception.BusinessException: 图片验证码不正确
2024-07-11 09:15:27 [ERROR][com.easypan.controller.AGlobalExceptionHandlerController][handleException][25]-> 请求错误，请求地址http://10.103.14.104:7090/api/login,错误信息:
com.easypan.exception.BusinessException: 图片验证码不正确
2024-07-11 09:58:18 [INFO][com.zaxxer.hikari.HikariDataSource][close][350]-> HikariCPDatasource - Shutdown initiated...
2024-07-11 09:58:18 [INFO][com.zaxxer.hikari.HikariDataSource][close][352]-> HikariCPDatasource - Shutdown completed.
2024-07-11 14:24:42 [INFO][com.easypan.EasypanApplication][logStarting][55]-> Starting EasypanApplication using Java 1.8.0_411 on LAPTOP-TFQ3RFOA with PID 17688 (G:\Users\fly\IdeaProjects\easypan\target\classes started by Xiro in G:\Users\fly\IdeaProjects)
2024-07-11 14:24:42 [INFO][com.easypan.EasypanApplication][logStartupProfileInfo][635]-> No active profile set, falling back to default profiles: default
2024-07-11 14:24:42 [INFO][org.springframework.data.repository.config.RepositoryConfigurationDelegate][multipleStoresDetected][262]-> Multiple Spring Data modules found, entering strict repository configuration mode!
2024-07-11 14:24:42 [INFO][org.springframework.data.repository.config.RepositoryConfigurationDelegate][registerRepositoriesIn][132]-> Bootstrapping Spring Data Redis repositories in DEFAULT mode.
2024-07-11 14:24:42 [INFO][org.springframework.data.repository.config.RepositoryConfigurationDelegate][registerRepositoriesIn][201]-> Finished Spring Data repository scanning in 9 ms. Found 0 Redis repository interfaces.
2024-07-11 14:24:43 [INFO][org.springframework.boot.web.embedded.tomcat.TomcatWebServer][initialize][108]-> Tomcat initialized with port(s): 7090 (http)
2024-07-11 14:24:43 [INFO][org.apache.coyote.http11.Http11NioProtocol][log][173]-> Initializing ProtocolHandler ["http-nio-7090"]
2024-07-11 14:24:43 [INFO][org.apache.catalina.core.StandardService][log][173]-> Starting service [Tomcat]
2024-07-11 14:24:43 [INFO][org.apache.catalina.core.StandardEngine][log][173]-> Starting Servlet engine: [Apache Tomcat/9.0.55]
2024-07-11 14:24:43 [INFO][org.apache.catalina.core.ContainerBase.[Tomcat].[localhost].[/api]][log][173]-> Initializing Spring embedded WebApplicationContext
2024-07-11 14:24:43 [INFO][org.springframework.boot.web.servlet.context.ServletWebServerApplicationContext][prepareWebApplicationContext][290]-> Root WebApplicationContext: initialization completed in 975 ms
2024-07-11 14:24:44 [INFO][org.apache.coyote.http11.Http11NioProtocol][log][173]-> Starting ProtocolHandler ["http-nio-7090"]
2024-07-11 14:24:44 [INFO][org.springframework.boot.web.embedded.tomcat.TomcatWebServer][start][220]-> Tomcat started on port(s): 7090 (http) with context path '/api'
2024-07-11 14:24:44 [INFO][com.easypan.EasypanApplication][logStarted][61]-> Started EasypanApplication in 2.197 seconds (JVM running for 3.16)
2024-07-11 14:24:44 [INFO][com.zaxxer.hikari.HikariDataSource][getConnection][110]-> HikariCPDatasource - Starting...
2024-07-11 14:24:45 [INFO][com.zaxxer.hikari.HikariDataSource][getConnection][123]-> HikariCPDatasource - Start completed.
2024-07-11 14:25:35 [INFO][org.apache.catalina.core.ContainerBase.[Tomcat].[localhost].[/api]][log][173]-> Initializing Spring DispatcherServlet 'dispatcherServlet'
2024-07-11 14:25:35 [INFO][org.springframework.web.servlet.DispatcherServlet][initServletBean][525]-> Initializing Servlet 'dispatcherServlet'
2024-07-11 14:25:35 [INFO][org.springframework.web.servlet.DispatcherServlet][initServletBean][547]-> Completed initialization in 1 ms
2024-07-11 15:02:06 [WARN][com.zaxxer.hikari.pool.HikariPool][run][788]-> HikariCPDatasource - Thread starvation or clock leap detected (housekeeper delta=50s665ms442µs).
2024-07-11 15:07:07 [ERROR][com.easypan.controller.AGlobalExceptionHandlerController][handleException][25]-> 请求错误，请求地址http://localhost:7090/api/login,错误信息:
com.easypan.exception.BusinessException: 图片验证码不正确
2024-07-11 15:23:27 [WARN][com.zaxxer.hikari.pool.HikariPool][run][788]-> HikariCPDatasource - Thread starvation or clock leap detected (housekeeper delta=2m20s921ms269µs100ns).
2024-07-11 15:24:13 [WARN][com.zaxxer.hikari.pool.HikariPool][run][788]-> HikariCPDatasource - Thread starvation or clock leap detected (housekeeper delta=46s4ms569µs800ns).
2024-07-11 15:24:39 [INFO][com.zaxxer.hikari.HikariDataSource][close][350]-> HikariCPDatasource - Shutdown initiated...
2024-07-11 15:24:39 [INFO][com.zaxxer.hikari.HikariDataSource][close][352]-> HikariCPDatasource - Shutdown completed.
2024-07-11 19:54:22 [INFO][com.easypan.EasypanApplication][logStarting][55]-> Starting EasypanApplication using Java 1.8.0_411 on LAPTOP-TFQ3RFOA with PID 14528 (G:\Users\fly\IdeaProjects\easypan\target\classes started by Xiro in G:\Users\fly\IdeaProjects)
2024-07-11 19:54:22 [INFO][com.easypan.EasypanApplication][logStartupProfileInfo][635]-> No active profile set, falling back to default profiles: default
2024-07-11 19:54:23 [INFO][org.springframework.data.repository.config.RepositoryConfigurationDelegate][multipleStoresDetected][262]-> Multiple Spring Data modules found, entering strict repository configuration mode!
2024-07-11 19:54:23 [INFO][org.springframework.data.repository.config.RepositoryConfigurationDelegate][registerRepositoriesIn][132]-> Bootstrapping Spring Data Redis repositories in DEFAULT mode.
2024-07-11 19:54:23 [INFO][org.springframework.data.repository.config.RepositoryConfigurationDelegate][registerRepositoriesIn][201]-> Finished Spring Data repository scanning in 19 ms. Found 0 Redis repository interfaces.
2024-07-11 19:54:24 [INFO][org.springframework.boot.web.embedded.tomcat.TomcatWebServer][initialize][108]-> Tomcat initialized with port(s): 7090 (http)
2024-07-11 19:54:24 [INFO][org.apache.coyote.http11.Http11NioProtocol][log][173]-> Initializing ProtocolHandler ["http-nio-7090"]
2024-07-11 19:54:24 [INFO][org.apache.catalina.core.StandardService][log][173]-> Starting service [Tomcat]
2024-07-11 19:54:24 [INFO][org.apache.catalina.core.StandardEngine][log][173]-> Starting Servlet engine: [Apache Tomcat/9.0.55]
2024-07-11 19:54:24 [INFO][org.apache.catalina.core.ContainerBase.[Tomcat].[localhost].[/api]][log][173]-> Initializing Spring embedded WebApplicationContext
2024-07-11 19:54:24 [INFO][org.springframework.boot.web.servlet.context.ServletWebServerApplicationContext][prepareWebApplicationContext][290]-> Root WebApplicationContext: initialization completed in 2620 ms
2024-07-11 19:54:26 [INFO][org.apache.coyote.http11.Http11NioProtocol][log][173]-> Starting ProtocolHandler ["http-nio-7090"]
2024-07-11 19:54:26 [INFO][org.springframework.boot.web.embedded.tomcat.TomcatWebServer][start][220]-> Tomcat started on port(s): 7090 (http) with context path '/api'
2024-07-11 19:54:26 [INFO][com.easypan.EasypanApplication][logStarted][61]-> Started EasypanApplication in 5.143 seconds (JVM running for 6.693)
2024-07-11 19:54:26 [INFO][com.zaxxer.hikari.HikariDataSource][getConnection][110]-> HikariCPDatasource - Starting...
2024-07-11 19:54:28 [INFO][com.zaxxer.hikari.HikariDataSource][getConnection][123]-> HikariCPDatasource - Start completed.
2024-07-11 19:54:47 [INFO][org.apache.catalina.core.ContainerBase.[Tomcat].[localhost].[/api]][log][173]-> Initializing Spring DispatcherServlet 'dispatcherServlet'
2024-07-11 19:54:47 [INFO][org.springframework.web.servlet.DispatcherServlet][initServletBean][525]-> Initializing Servlet 'dispatcherServlet'
2024-07-11 19:54:47 [INFO][org.springframework.web.servlet.DispatcherServlet][initServletBean][547]-> Completed initialization in 1 ms
2024-07-11 20:15:56 [INFO][com.zaxxer.hikari.HikariDataSource][close][350]-> HikariCPDatasource - Shutdown initiated...
2024-07-11 20:15:56 [INFO][com.zaxxer.hikari.HikariDataSource][close][352]-> HikariCPDatasource - Shutdown completed.
